<?xml version="1.0" encoding="UTF-8"?>
<!-- Generated by org.testng.reporters.JUnitXMLReporter -->
<testsuite ignored="0" hostname="akshay" failures="1" tests="1" name="Default test(failed)" time="65.634" errors="0" timestamp="2024-10-05T15:02:12 IST">
  <testcase classname="coverFoxTestpkgPOM.CoverFoxTests" name="coverfoxResult" time="6.264">
    <failure type="java.lang.AssertionError" message="null">
      <![CDATA[java.lang.AssertionError: null
at coverFoxTestpkgPOM.CoverFoxTests.coverfoxResult(CoverFoxTests.java:93)
at java.base/java.util.ArrayList.forEach(ArrayList.java:1597)
... Removed 27 stack frames]]>
    </failure>
  </testcase> <!-- coverfoxResult -->
</testsuite> <!-- Default test(failed) -->
