<?xml version="1.0" encoding="UTF-8"?>
<!-- Generated by org.testng.reporters.JUnitXMLReporter -->
<testsuite ignored="0" hostname="akshay" failures="0" tests="1" name="CFTest" time="11.171" errors="0" timestamp="2024-08-09T21:01:56 IST">
  <testcase classname="coverFoxTestpkgPOM.CoverFoxTests" name="@AfterClass screenshot" time="0.272">
    <failure type="java.io.FileNotFoundException" message="C:\Users\HP\eclipse-workspace\CoverFoxTest\ScreenshotsTestNG\CoverFoxep7.png (The system cannot find the path specified)">
      <![CDATA[java.io.FileNotFoundException: C:\Users\HP\eclipse-workspace\CoverFoxTest\ScreenshotsTestNG\CoverFoxep7.png (The system cannot find the path specified)
at java.base/java.io.FileOutputStream.open0(Native Method)
at java.base/java.io.FileOutputStream.open(FileOutputStream.java:289)
at java.base/java.io.FileOutputStream.<init>(FileOutputStream.java:230)
at java.base/java.io.FileOutputStream.<init>(FileOutputStream.java:179)
at org.openqa.selenium.io.FileHandler.copyFile(FileHandler.java:131)
at org.openqa.selenium.io.FileHandler.copy(FileHandler.java:110)
at coverFoxUtilityPOM.UtilityCF.Screenshot(UtilityCF.java:60)
at coverFoxTestpkgPOM.CoverFoxTests.screenshot(CoverFoxTests.java:34)
at java.base/java.util.ArrayList.forEach(ArrayList.java:1597)
... Removed 24 stack frames]]>
    </failure>
  </testcase> <!-- @AfterClass screenshot -->
  <testcase classname="coverFoxTestpkgPOM.CoverFoxTests" name="OpenBrowser" time="10.796"/>
</testsuite> <!-- CFTest -->
