<?xml version="1.0" encoding="UTF-8"?>
<testng-results ignored="0" total="1" passed="1" failed="0" skipped="0">
  <reporter-output>
    <line>
      <![CDATA[clicking on continue button]]>
    </line>
    <line>
      <![CDATA[TC coverfoxResult execution started]]>
    </line>
    <line>
      <![CDATA[sort dopdown is displayed]]>
    </line>
    <line>
      <![CDATA[TC coverfoxResult completed successfully ]]>
    </line>
  </reporter-output>
  <suite started-at="2024-10-05T23:24:12 IST" name="Suite" finished-at="2024-10-05T23:24:41 IST" duration-ms="29047">
    <groups>
    </groups>
    <test started-at="2024-10-05T23:24:12 IST" name="CFTest" finished-at="2024-10-05T23:24:41 IST" duration-ms="29047">
      <class name="coverFoxTestpkgPOM.CoverFoxTests">
        <test-method is-config="true" signature="Preconditions()[pri:0, instance:coverFoxTestpkgPOM.CoverFoxTests@34a3d150]" started-at="2024-10-05T23:24:12 IST" name="Preconditions" finished-at="2024-10-05T23:24:26 IST" duration-ms="14343" status="PASS">
          <reporter-output>
          </reporter-output>
        </test-method> <!-- Preconditions -->
        <test-method is-config="true" signature="browserOpen()[pri:0, instance:coverFoxTestpkgPOM.CoverFoxTests@34a3d150]" started-at="2024-10-05T23:24:26 IST" name="browserOpen" finished-at="2024-10-05T23:24:34 IST" duration-ms="8406" status="PASS">
          <reporter-output>
            <line>
              <![CDATA[clicking on continue button]]>
            </line>
          </reporter-output>
        </test-method> <!-- browserOpen -->
        <test-method signature="coverfoxResult()[pri:0, instance:coverFoxTestpkgPOM.CoverFoxTests@34a3d150]" started-at="2024-10-05T23:24:34 IST" name="coverfoxResult" finished-at="2024-10-05T23:24:41 IST" duration-ms="6214" status="PASS">
          <reporter-output>
            <line>
              <![CDATA[TC coverfoxResult execution started]]>
            </line>
            <line>
              <![CDATA[sort dopdown is displayed]]>
            </line>
            <line>
              <![CDATA[TC coverfoxResult completed successfully ]]>
            </line>
          </reporter-output>
        </test-method> <!-- coverfoxResult -->
        <test-method is-config="true" signature="closeBrowser()[pri:0, instance:coverFoxTestpkgPOM.CoverFoxTests@34a3d150]" started-at="2024-10-05T23:24:41 IST" name="closeBrowser" finished-at="2024-10-05T23:24:41 IST" duration-ms="1" status="PASS">
          <reporter-output>
          </reporter-output>
        </test-method> <!-- closeBrowser -->
      </class> <!-- coverFoxTestpkgPOM.CoverFoxTests -->
    </test> <!-- CFTest -->
  </suite> <!-- Suite -->
</testng-results>
