<?xml version="1.0" encoding="UTF-8"?>
<testng-results ignored="0" total="1" passed="1" failed="0" skipped="0">
  <reporter-output>
    <line>
      <![CDATA[clicking on continue button]]>
    </line>
    <line>
      <![CDATA[sort dopdown is displayed]]>
    </line>
  </reporter-output>
  <suite started-at="2024-10-05T15:03:59 IST" name="Failed suite [Failed suite [Default suite]]" finished-at="2024-10-05T15:04:49 IST" duration-ms="50131">
    <groups>
    </groups>
    <test started-at="2024-10-05T15:03:59 IST" name="Default test(failed)(failed)" finished-at="2024-10-05T15:04:49 IST" duration-ms="50131">
      <class name="coverFoxTestpkgPOM.CoverFoxTests">
        <test-method is-config="true" signature="Preconditions()[pri:0, instance:coverFoxTestpkgPOM.CoverFoxTests@3bd82cf5]" started-at="2024-10-05T15:03:59 IST" name="Preconditions" finished-at="2024-10-05T15:04:12 IST" duration-ms="12884" status="PASS">
          <reporter-output>
          </reporter-output>
        </test-method> <!-- Preconditions -->
        <test-method is-config="true" signature="browserOpen()[pri:0, instance:coverFoxTestpkgPOM.CoverFoxTests@3bd82cf5]" started-at="2024-10-05T15:04:12 IST" name="browserOpen" finished-at="2024-10-05T15:04:43 IST" duration-ms="30764" status="PASS">
          <reporter-output>
            <line>
              <![CDATA[clicking on continue button]]>
            </line>
          </reporter-output>
        </test-method> <!-- browserOpen -->
        <test-method signature="coverfoxResult()[pri:0, instance:coverFoxTestpkgPOM.CoverFoxTests@3bd82cf5]" started-at="2024-10-05T15:04:43 IST" name="coverfoxResult" finished-at="2024-10-05T15:04:49 IST" duration-ms="6291" status="PASS">
          <reporter-output>
            <line>
              <![CDATA[sort dopdown is displayed]]>
            </line>
          </reporter-output>
        </test-method> <!-- coverfoxResult -->
        <test-method is-config="true" signature="closeBrowser()[pri:0, instance:coverFoxTestpkgPOM.CoverFoxTests@3bd82cf5]" started-at="2024-10-05T15:04:49 IST" name="closeBrowser" finished-at="2024-10-05T15:04:49 IST" duration-ms="3" status="PASS">
          <reporter-output>
          </reporter-output>
        </test-method> <!-- closeBrowser -->
      </class> <!-- coverFoxTestpkgPOM.CoverFoxTests -->
    </test> <!-- Default test(failed)(failed) -->
  </suite> <!-- Failed suite [Failed suite [Default suite]] -->
</testng-results>
