<?xml version="1.0" encoding="UTF-8"?>
<testng-results ignored="0" total="1" passed="1" failed="0" skipped="0">
  <reporter-output>
    <line>
      <![CDATA[TC OpenBrowser execution started]]>
    </line>
    <line>
      <![CDATA[browser is launching]]>
    </line>
    <line>
      <![CDATA[TC OpenBrowser completed successfully ]]>
    </line>
    <line>
      <![CDATA[taking screenshot]]>
    </line>
  </reporter-output>
  <suite started-at="2024-08-09T21:01:45 IST" name="Suite" finished-at="2024-08-09T21:01:56 IST" duration-ms="11171">
    <groups>
    </groups>
    <test started-at="2024-08-09T21:01:45 IST" name="CFTest" finished-at="2024-08-09T21:01:56 IST" duration-ms="11171">
      <class name="coverFoxTestpkgPOM.CoverFoxTests">
        <test-method signature="OpenBrowser()[pri:0, instance:coverFoxTestpkgPOM.CoverFoxTests@4c39bec8]" started-at="2024-08-09T21:01:45 IST" name="OpenBrowser" finished-at="2024-08-09T21:01:56 IST" duration-ms="10796" status="PASS">
          <reporter-output>
            <line>
              <![CDATA[TC OpenBrowser execution started]]>
            </line>
            <line>
              <![CDATA[browser is launching]]>
            </line>
            <line>
              <![CDATA[TC OpenBrowser completed successfully ]]>
            </line>
          </reporter-output>
        </test-method> <!-- OpenBrowser -->
        <test-method is-config="true" signature="screenshot()[pri:0, instance:coverFoxTestpkgPOM.CoverFoxTests@4c39bec8]" started-at="2024-08-09T21:01:56 IST" name="screenshot" finished-at="2024-08-09T21:01:56 IST" duration-ms="272" status="FAIL">
          <exception class="java.io.FileNotFoundException">
            <message>
              <![CDATA[C:\Users\HP\eclipse-workspace\CoverFoxTest\ScreenshotsTestNG\CoverFoxep7.png (The system cannot find the path specified)]]>
            </message>
            <full-stacktrace>
              <![CDATA[java.io.FileNotFoundException: C:\Users\HP\eclipse-workspace\CoverFoxTest\ScreenshotsTestNG\CoverFoxep7.png (The system cannot find the path specified)
at java.base/java.io.FileOutputStream.open0(Native Method)
at java.base/java.io.FileOutputStream.open(FileOutputStream.java:289)
at java.base/java.io.FileOutputStream.<init>(FileOutputStream.java:230)
at java.base/java.io.FileOutputStream.<init>(FileOutputStream.java:179)
at org.openqa.selenium.io.FileHandler.copyFile(FileHandler.java:131)
at org.openqa.selenium.io.FileHandler.copy(FileHandler.java:110)
at coverFoxUtilityPOM.UtilityCF.Screenshot(UtilityCF.java:60)
at coverFoxTestpkgPOM.CoverFoxTests.screenshot(CoverFoxTests.java:34)
at java.base/jdk.internal.reflect.DirectMethodHandleAccessor.invoke(DirectMethodHandleAccessor.java:103)
at java.base/java.lang.reflect.Method.invoke(Method.java:580)
at org.testng.internal.invokers.MethodInvocationHelper.invokeMethod(MethodInvocationHelper.java:141)
at org.testng.internal.invokers.MethodInvocationHelper.invokeMethodConsideringTimeout(MethodInvocationHelper.java:71)
at org.testng.internal.invokers.ConfigInvoker.invokeConfigurationMethod(ConfigInvoker.java:400)
at org.testng.internal.invokers.ConfigInvoker.invokeConfigurations(ConfigInvoker.java:333)
at org.testng.internal.invokers.TestMethodWorker.invokeAfterClassConfigurations(TestMethodWorker.java:238)
at org.testng.internal.invokers.TestMethodWorker.invokeAfterClassMethods(TestMethodWorker.java:223)
at org.testng.internal.invokers.TestMethodWorker.run(TestMethodWorker.java:137)
at java.base/java.util.ArrayList.forEach(ArrayList.java:1597)
at org.testng.TestRunner.privateRun(TestRunner.java:739)
at org.testng.TestRunner.run(TestRunner.java:614)
at org.testng.SuiteRunner.runTest(SuiteRunner.java:421)
at org.testng.SuiteRunner.runSequentially(SuiteRunner.java:413)
at org.testng.SuiteRunner.privateRun(SuiteRunner.java:373)
at org.testng.SuiteRunner.run(SuiteRunner.java:312)
at org.testng.SuiteRunnerWorker.runSuite(SuiteRunnerWorker.java:52)
at org.testng.SuiteRunnerWorker.run(SuiteRunnerWorker.java:95)
at org.testng.TestNG.runSuitesSequentially(TestNG.java:1274)
at org.testng.TestNG.runSuitesLocally(TestNG.java:1208)
at org.testng.TestNG.runSuites(TestNG.java:1112)
at org.testng.TestNG.run(TestNG.java:1079)
at org.testng.remote.AbstractRemoteTestNG.run(AbstractRemoteTestNG.java:115)
at org.testng.remote.RemoteTestNG.initAndRun(RemoteTestNG.java:293)
at org.testng.remote.RemoteTestNG.main(RemoteTestNG.java:91)
]]>
            </full-stacktrace>
          </exception> <!-- java.io.FileNotFoundException -->
          <reporter-output>
            <line>
              <![CDATA[taking screenshot]]>
            </line>
          </reporter-output>
        </test-method> <!-- screenshot -->
      </class> <!-- coverFoxTestpkgPOM.CoverFoxTests -->
    </test> <!-- CFTest -->
  </suite> <!-- Suite -->
</testng-results>
