<?xml version="1.0" encoding="UTF-8"?>
<!-- Generated by org.testng.reporters.JUnitReportReporter -->
<testsuite hostname="akshay" failures="0" tests="1" name="coverFoxTestpkgPOM.CoverFoxTests" time="6.291" errors="0" timestamp="2024-10-05T15:04:49 IST" skipped="0">
  <testcase classname="coverFoxTestpkgPOM.CoverFoxTests" name="coverfoxResult" time="6.291">
    <system-out>
      <![CDATA[sort dopdown is displayed]]>
    </system-out>
  </testcase> <!-- coverfoxResult -->
  <system-out>
    <![CDATA[clicking on continue button
sort dopdown is displayed]]>
  </system-out>
</testsuite> <!-- coverFoxTestpkgPOM.CoverFoxTests -->
